<?xml version="1.0" encoding="UTF-8"?>
<!-- Generated by org.testng.reporters.JUnitXMLReporter -->
<testsuite hostname="DESKTOP-D96Q9MV" ignored="0" name="Test" tests="5" failures="0" timestamp="08 Jan 2021 09:18:20 GMT" time="75.788" errors="0">
  <testcase name="loginPagetitleTest" time="0.062" classname="POM.LoginTest"/>
  <testcase name="verifyHomePageTitle" time="0.045" classname="POM.Homepagetest"/>
  <testcase name="logovalidation" time="0.327" classname="POM.LoginTest"/>
  <testcase name="loggeduserValidation" time="0.167" classname="POM.Homepagetest"/>
  <testcase name="login" time="5.302" classname="POM.LoginTest"/>
</testsuite> <!-- Test -->
