<?xml version="1.0" encoding="UTF-8"?>
<!-- Generated by org.testng.reporters.JUnitXMLReporter -->
<testsuite hostname="DESKTOP-D96Q9MV" ignored="0" name="Test" tests="5" failures="1" timestamp="08 Jan 2021 15:49:08 GMT" time="101.862" errors="0">
  <testcase name="loginPagetitleTest" time="0.363" classname="POM.LoginTest"/>
  <testcase name="verifyHomePageTitle" time="0.051" classname="POM.Homepagetest"/>
  <testcase name="logovalidation" time="0.392" classname="POM.LoginTest"/>
  <testcase name="loggeduserValidation" time="0.271" classname="POM.Homepagetest">
    <failure type="java.lang.AssertionError" message="expected [  User: Learnfirst Learnlast] but found [  User: XLearnfirst Learnlast]">
      <![CDATA[java.lang.AssertionError: expected [  User: Learnfirst Learnlast] but found [  User: XLearnfirst Learnlast]
at POM.Homepagetest.loggeduserValidation(Homepagetest.java:55)
... Removed 35 stack frames]]>
    </failure>
  </testcase> <!-- loggeduserValidation -->
  <testcase name="login" time="5.591" classname="POM.LoginTest"/>
</testsuite> <!-- Test -->
