-------------------------------------------------------------------------------
Test set: TestSuite
-------------------------------------------------------------------------------
Tests run: 5, Failures: 1, Errors: 0, Skipped: 0, Time elapsed: 110.476 s <<< FAILURE! - in TestSuite
loggeduserValidation(POM.Homepagetest)  Time elapsed: 0.957 s  <<< FAILURE!
java.lang.AssertionError: expected [  User: Learnfirst Learnlast] but found [  User: XLearnfirst Learnlast]
	at POM.Homepagetest.loggeduserValidation(Homepagetest.java:55)

